<?xml version="1.0" encoding="UTF-8"?>
<!-- Generated by org.testng.reporters.JUnitReportReporter -->
<testsuite hostname="LAPTOP-3KU8C3QS" failures="0" tests="3" name="com.SalesForceLoginTest.NegativeLoginTest" time="3.151" errors="0" timestamp="2022-02-20T18:21:09 EST" skipped="0">
  <testcase classname="com.SalesForceLoginTest.NegativeLoginTest" name="userNameButton" time="0.135"/>
  <testcase classname="com.SalesForceLoginTest.NegativeLoginTest" name="passwordButton" time="0.070"/>
  <testcase classname="com.SalesForceLoginTest.NegativeLoginTest" name="signinButton" time="2.946"/>
</testsuite> <!-- com.SalesForceLoginTest.NegativeLoginTest -->
