<?xml version="1.0" encoding="UTF-8"?>
<!-- Generated by org.testng.reporters.JUnitReportReporter -->
<testsuite hostname="LAPTOP-3KU8C3QS" failures="0" tests="1" name="com.SalesForce.TestOne" time="0.011" errors="0" timestamp="2022-02-17T18:59:57 EST" skipped="0">
  <testcase classname="com.SalesForce.TestOne" name="loginTest" time="0.011"/>
</testsuite> <!-- com.SalesForce.TestOne -->
