<?xml version="1.0" encoding="UTF-8"?>
<!-- Generated by org.testng.reporters.JUnitReportReporter -->
<testsuite hostname="LAPTOP-3KU8C3QS" failures="0" tests="1" name="com.SalesForce.TestOne" time="0.005" errors="0" timestamp="2022-02-17T19:13:36 EST" skipped="0">
  <testcase classname="com.SalesForce.TestOne" name="loginTest" time="0.005"/>
</testsuite> <!-- com.SalesForce.TestOne -->
